0 verbose cli /data/data/com.termux/files/usr/bin/node /data/data/com.termux/files/usr/bin/npm
1 info using npm@11.13.0
2 info using node@v25.8.2
3 silly config load:file:/data/data/com.termux/files/usr/lib/node_modules/npm/npmrc
4 silly config load:file:/data/data/com.termux/files/home/.npmrc
5 silly config load:file:/data/data/com.termux/files/usr/etc/npmrc
6 verbose title npm install express cors
7 verbose argv "install" "express" "cors"
8 verbose logfile logs-max:10 dir:/data/data/com.termux/files/home/.npm/_logs/2026-05-07T04_32_42_894Z-
9 verbose logfile /data/data/com.termux/files/home/.npm/_logs/2026-05-07T04_32_42_894Z-debug-0.log
10 silly logfile done cleaning log files
11 silly packumentCache heap:865861632 maxSize:216465408 maxEntrySize:108232704
12 silly idealTree buildDeps
13 silly fetch manifest cors@^2.8.6
14 silly packumentCache full:https://registry.npmjs.org/cors cache-miss
15 http cache https://registry.npmjs.org/cors 423ms (cache hit)
16 silly packumentCache full:https://registry.npmjs.org/cors set size:77956 disposed:false
17 silly fetch manifest express@^5.2.1
18 silly packumentCache full:https://registry.npmjs.org/express cache-miss
19 http cache https://registry.npmjs.org/express 47ms (cache hit)
20 silly packumentCache full:https://registry.npmjs.org/express set size:801278 disposed:false
21 silly placeDep ROOT cors@2.8.6 REPLACE for:  want: ^2.8.6
22 silly placeDep ROOT express@5.2.1 REPLACE for:  want: ^5.2.1
23 silly reify moves {}
24 silly audit bulk request {
24 silly audit   accepts: [ '2.0.0' ],
24 silly audit   'body-parser': [ '2.2.2' ],
24 silly audit   bytes: [ '3.1.2' ],
24 silly audit   'call-bind-apply-helpers': [ '1.0.2' ],
24 silly audit   'call-bound': [ '1.0.4' ],
24 silly audit   'content-disposition': [ '1.1.0' ],
24 silly audit   'content-type': [ '1.0.5' ],
24 silly audit   cookie: [ '0.7.2' ],
24 silly audit   'cookie-signature': [ '1.2.2' ],
24 silly audit   debug: [ '4.4.3' ],
24 silly audit   depd: [ '2.0.0' ],
24 silly audit   'dunder-proto': [ '1.0.1' ],
24 silly audit   'ee-first': [ '1.1.1' ],
24 silly audit   encodeurl: [ '2.0.0' ],
24 silly audit   'es-define-property': [ '1.0.1' ],
24 silly audit   'es-errors': [ '1.3.0' ],
24 silly audit   'es-object-atoms': [ '1.1.1' ],
24 silly audit   'escape-html': [ '1.0.3' ],
24 silly audit   etag: [ '1.8.1' ],
24 silly audit   finalhandler: [ '2.1.1' ],
24 silly audit   forwarded: [ '0.2.0' ],
24 silly audit   fresh: [ '2.0.0' ],
24 silly audit   'function-bind': [ '1.1.2' ],
24 silly audit   'get-intrinsic': [ '1.3.0' ],
24 silly audit   'get-proto': [ '1.0.1' ],
24 silly audit   gopd: [ '1.2.0' ],
24 silly audit   'has-symbols': [ '1.1.0' ],
24 silly audit   hasown: [ '2.0.3' ],
24 silly audit   'http-errors': [ '2.0.1' ],
24 silly audit   'iconv-lite': [ '0.7.2' ],
24 silly audit   inherits: [ '2.0.4' ],
24 silly audit   'ipaddr.js': [ '1.9.1' ],
24 silly audit   'is-promise': [ '4.0.0' ],
24 silly audit   'math-intrinsics': [ '1.1.0' ],
24 silly audit   'media-typer': [ '1.1.0' ],
24 silly audit   'merge-descriptors': [ '2.0.0' ],
24 silly audit   'mime-db': [ '1.54.0' ],
24 silly audit   'mime-types': [ '3.0.2' ],
24 silly audit   ms: [ '2.1.3' ],
24 silly audit   negotiator: [ '1.0.0' ],
24 silly audit   'object-assign': [ '4.1.1' ],
24 silly audit   'object-inspect': [ '1.13.4' ],
24 silly audit   'on-finished': [ '2.4.1' ],
24 silly audit   once: [ '1.4.0' ],
24 silly audit   parseurl: [ '1.3.3' ],
24 silly audit   'path-to-regexp': [ '8.4.2' ],
24 silly audit   'proxy-addr': [ '2.0.7' ],
24 silly audit   qs: [ '6.15.1' ],
24 silly audit   'range-parser': [ '1.2.1' ],
24 silly audit   'raw-body': [ '3.0.2' ],
24 silly audit   router: [ '2.2.0' ],
24 silly audit   'safer-buffer': [ '2.1.2' ],
24 silly audit   send: [ '1.2.1' ],
24 silly audit   'serve-static': [ '2.2.1' ],
24 silly audit   setprototypeof: [ '1.2.0' ],
24 silly audit   'side-channel': [ '1.1.0' ],
24 silly audit   'side-channel-list': [ '1.0.1' ],
24 silly audit   'side-channel-map': [ '1.0.1' ],
24 silly audit   'side-channel-weakmap': [ '1.0.2' ],
24 silly audit   statuses: [ '2.0.2' ],
24 silly audit   toidentifier: [ '1.0.1' ],
24 silly audit   'type-is': [ '2.0.1' ],
24 silly audit   unpipe: [ '1.0.0' ],
24 silly audit   vary: [ '1.1.2' ],
24 silly audit   wrappy: [ '1.0.2' ],
24 silly audit   cors: [ '2.8.6' ],
24 silly audit   express: [ '5.2.1' ]
24 silly audit }
25 http fetch POST 200 https://registry.npmjs.org/-/npm/v1/security/advisories/bulk 1601ms
26 silly audit report {}
27 verbose cwd /data/data/com.termux/files/home
28 verbose os Linux 4.14.133+
29 verbose node v25.8.2
30 verbose npm  v11.13.0
31 verbose exit 0
32 info ok
