0 verbose cli /data/data/com.termux/files/usr/bin/node /data/data/com.termux/files/usr/bin/npm
1 info using npm@11.13.0
2 info using node@v25.8.2
3 silly config load:file:/data/data/com.termux/files/usr/lib/node_modules/npm/npmrc
4 silly config load:file:/data/data/com.termux/files/home/casino-api/.npmrc
5 silly config load:file:/data/data/com.termux/files/home/.npmrc
6 silly config load:file:/data/data/com.termux/files/usr/etc/npmrc
7 verbose title npm install express cors
8 verbose argv "install" "express" "cors"
9 verbose logfile logs-max:10 dir:/data/data/com.termux/files/home/.npm/_logs/2026-05-06T19_57_00_210Z-
10 verbose logfile /data/data/com.termux/files/home/.npm/_logs/2026-05-06T19_57_00_210Z-debug-0.log
11 silly logfile done cleaning log files
12 silly packumentCache heap:865861632 maxSize:216465408 maxEntrySize:108232704
13 silly idealTree buildDeps
14 silly fetch manifest express@*
15 silly packumentCache full:https://registry.npmjs.org/express cache-miss
16 http cache https://registry.npmjs.org/express 231ms (cache hit)
17 silly packumentCache full:https://registry.npmjs.org/express set size:801278 disposed:false
18 silly fetch manifest cors@*
19 silly packumentCache full:https://registry.npmjs.org/cors cache-miss
20 http cache https://registry.npmjs.org/cors 30ms (cache hit)
21 silly packumentCache full:https://registry.npmjs.org/cors set size:77956 disposed:false
22 silly placeDep ROOT cors@2.8.6 OK for: casino-api@1.0.0 want: *
23 silly placeDep ROOT express@5.2.1 OK for: casino-api@1.0.0 want: *
24 silly fetch manifest object-assign@^4
25 silly packumentCache full:https://registry.npmjs.org/object-assign cache-miss
26 silly fetch manifest vary@^1
27 silly packumentCache full:https://registry.npmjs.org/vary cache-miss
28 silly fetch manifest qs@^6.14.0
29 silly packumentCache full:https://registry.npmjs.org/qs cache-miss
30 http cache https://registry.npmjs.org/vary 54ms (cache hit)
31 silly packumentCache full:https://registry.npmjs.org/vary set size:15994 disposed:false
32 silly fetch manifest depd@^2.0.0
33 silly packumentCache full:https://registry.npmjs.org/depd cache-miss
34 http cache https://registry.npmjs.org/object-assign 75ms (cache hit)
35 silly packumentCache full:https://registry.npmjs.org/object-assign set size:28988 disposed:false
36 silly fetch manifest etag@^1.8.1
37 silly packumentCache full:https://registry.npmjs.org/etag cache-miss
38 http cache https://registry.npmjs.org/qs 89ms (cache hit)
39 silly packumentCache full:https://registry.npmjs.org/qs set size:353582 disposed:false
40 silly fetch manifest once@^1.4.0
41 silly packumentCache full:https://registry.npmjs.org/once cache-miss
42 http cache https://registry.npmjs.org/depd 118ms (cache hit)
43 silly packumentCache full:https://registry.npmjs.org/depd set size:40182 disposed:false
44 silly fetch manifest send@^1.1.0
45 silly packumentCache full:https://registry.npmjs.org/send cache-miss
46 http cache https://registry.npmjs.org/etag 117ms (cache hit)
47 silly packumentCache full:https://registry.npmjs.org/etag set size:30032 disposed:false
48 silly fetch manifest vary@^1.1.2
49 silly packumentCache full:https://registry.npmjs.org/vary cache-hit
50 silly fetch manifest debug@^4.4.0
51 silly packumentCache full:https://registry.npmjs.org/debug cache-miss
52 http cache https://registry.npmjs.org/once 80ms (cache hit)
53 silly packumentCache full:https://registry.npmjs.org/once set size:11752 disposed:false
54 silly fetch manifest fresh@^2.0.0
55 silly packumentCache full:https://registry.npmjs.org/fresh cache-miss
56 http cache https://registry.npmjs.org/send 85ms (cache hit)
57 silly packumentCache full:https://registry.npmjs.org/send set size:152810 disposed:false
58 silly fetch manifest cookie@^0.7.1
59 silly packumentCache full:https://registry.npmjs.org/cookie cache-miss
60 http cache https://registry.npmjs.org/debug 99ms (cache hit)
61 silly packumentCache full:https://registry.npmjs.org/debug set size:195840 disposed:false
62 silly fetch manifest router@^2.2.0
63 silly packumentCache full:https://registry.npmjs.org/router cache-miss
64 http cache https://registry.npmjs.org/fresh 129ms (cache hit)
65 silly packumentCache full:https://registry.npmjs.org/fresh set size:25427 disposed:false
66 silly fetch manifest accepts@^2.0.0
67 silly packumentCache full:https://registry.npmjs.org/accepts cache-miss
68 http cache https://registry.npmjs.org/cookie 103ms (cache hit)
69 silly packumentCache full:https://registry.npmjs.org/cookie set size:72891 disposed:false
70 silly fetch manifest type-is@^2.0.1
71 silly packumentCache full:https://registry.npmjs.org/type-is cache-miss
72 http cache https://registry.npmjs.org/router 85ms (cache hit)
73 silly packumentCache full:https://registry.npmjs.org/router set size:116499 disposed:false
74 silly fetch manifest parseurl@^1.3.3
75 silly packumentCache full:https://registry.npmjs.org/parseurl cache-miss
76 http cache https://registry.npmjs.org/accepts 89ms (cache hit)
77 silly packumentCache full:https://registry.npmjs.org/accepts set size:77054 disposed:false
78 silly fetch manifest statuses@^2.0.1
79 silly packumentCache full:https://registry.npmjs.org/statuses cache-miss
80 http cache https://registry.npmjs.org/parseurl 57ms (cache hit)
81 silly packumentCache full:https://registry.npmjs.org/parseurl set size:24148 disposed:false
82 silly fetch manifest encodeurl@^2.0.0
83 silly packumentCache full:https://registry.npmjs.org/encodeurl cache-miss
84 http cache https://registry.npmjs.org/statuses 65ms (cache hit)
85 silly packumentCache full:https://registry.npmjs.org/statuses set size:37117 disposed:false
86 silly fetch manifest mime-types@^3.0.0
87 silly packumentCache full:https://registry.npmjs.org/mime-types cache-miss
88 http cache https://registry.npmjs.org/type-is 134ms (cache hit)
89 silly packumentCache full:https://registry.npmjs.org/type-is set size:86196 disposed:false
90 silly fetch manifest proxy-addr@^2.0.7
91 silly packumentCache full:https://registry.npmjs.org/proxy-addr cache-miss
92 http cache https://registry.npmjs.org/mime-types 55ms (cache hit)
93 silly packumentCache full:https://registry.npmjs.org/mime-types set size:139110 disposed:false
94 silly fetch manifest body-parser@^2.2.1
95 silly packumentCache full:https://registry.npmjs.org/body-parser cache-miss
96 http cache https://registry.npmjs.org/encodeurl 108ms (cache hit)
97 silly packumentCache full:https://registry.npmjs.org/encodeurl set size:12296 disposed:false
98 silly fetch manifest escape-html@^1.0.3
99 silly packumentCache full:https://registry.npmjs.org/escape-html cache-miss
100 http cache https://registry.npmjs.org/proxy-addr 70ms (cache hit)
101 silly packumentCache full:https://registry.npmjs.org/proxy-addr set size:61619 disposed:false
102 silly fetch manifest http-errors@^2.0.0
103 silly packumentCache full:https://registry.npmjs.org/http-errors cache-miss
104 http cache https://registry.npmjs.org/body-parser 64ms (cache hit)
105 silly packumentCache full:https://registry.npmjs.org/body-parser set size:199299 disposed:false
106 silly fetch manifest on-finished@^2.4.1
107 silly packumentCache full:https://registry.npmjs.org/on-finished cache-miss
108 http cache https://registry.npmjs.org/escape-html 90ms (cache hit)
109 silly packumentCache full:https://registry.npmjs.org/escape-html set size:7345 disposed:false
110 silly fetch manifest content-type@^1.0.5
111 silly packumentCache full:https://registry.npmjs.org/content-type cache-miss
112 http cache https://registry.npmjs.org/http-errors 83ms (cache hit)
113 silly packumentCache full:https://registry.npmjs.org/http-errors set size:71987 disposed:false
114 silly fetch manifest finalhandler@^2.1.0
115 silly packumentCache full:https://registry.npmjs.org/finalhandler cache-miss
116 http cache https://registry.npmjs.org/content-type 53ms (cache hit)
117 silly packumentCache full:https://registry.npmjs.org/content-type set size:17311 disposed:false
118 silly fetch manifest range-parser@^1.2.1
119 silly packumentCache full:https://registry.npmjs.org/range-parser cache-miss
120 http cache https://registry.npmjs.org/on-finished 81ms (cache hit)
121 silly packumentCache full:https://registry.npmjs.org/on-finished set size:23212 disposed:false
122 silly fetch manifest serve-static@^2.2.0
123 silly packumentCache full:https://registry.npmjs.org/serve-static cache-miss
124 http cache https://registry.npmjs.org/finalhandler 55ms (cache hit)
125 silly packumentCache full:https://registry.npmjs.org/finalhandler set size:79291 disposed:false
126 silly fetch manifest cookie-signature@^1.2.1
127 silly packumentCache full:https://registry.npmjs.org/cookie-signature cache-miss
128 http cache https://registry.npmjs.org/range-parser 63ms (cache hit)
129 silly packumentCache full:https://registry.npmjs.org/range-parser set size:22228 disposed:false
130 silly fetch manifest merge-descriptors@^2.0.0
131 silly packumentCache full:https://registry.npmjs.org/merge-descriptors cache-miss
132 http cache https://registry.npmjs.org/serve-static 68ms (cache hit)
133 silly packumentCache full:https://registry.npmjs.org/serve-static set size:150391 disposed:false
134 silly fetch manifest content-disposition@^1.0.0
135 silly packumentCache full:https://registry.npmjs.org/content-disposition cache-miss
136 http cache https://registry.npmjs.org/cookie-signature 74ms (cache hit)
137 silly packumentCache full:https://registry.npmjs.org/cookie-signature set size:21777 disposed:false
138 http cache https://registry.npmjs.org/merge-descriptors 62ms (cache hit)
139 silly packumentCache full:https://registry.npmjs.org/merge-descriptors set size:16527 disposed:false
140 http cache https://registry.npmjs.org/content-disposition 71ms (cache hit)
141 silly packumentCache full:https://registry.npmjs.org/content-disposition set size:36665 disposed:false
142 silly placeDep ROOT object-assign@4.1.1 OK for: cors@2.8.6 want: ^4
143 silly placeDep ROOT vary@1.1.2 OK for: cors@2.8.6 want: ^1
144 silly placeDep ROOT accepts@2.0.0 OK for: express@5.2.1 want: ^2.0.0
145 silly placeDep ROOT body-parser@2.2.2 OK for: express@5.2.1 want: ^2.2.1
146 silly placeDep ROOT content-disposition@1.1.0 OK for: express@5.2.1 want: ^1.0.0
147 silly placeDep ROOT content-type@1.0.5 OK for: express@5.2.1 want: ^1.0.5
148 silly placeDep ROOT cookie@0.7.2 OK for: express@5.2.1 want: ^0.7.1
149 silly placeDep ROOT cookie-signature@1.2.2 OK for: express@5.2.1 want: ^1.2.1
150 silly placeDep ROOT debug@4.4.3 OK for: express@5.2.1 want: ^4.4.0
151 silly placeDep ROOT depd@2.0.0 OK for: express@5.2.1 want: ^2.0.0
152 silly placeDep ROOT encodeurl@2.0.0 OK for: express@5.2.1 want: ^2.0.0
153 silly placeDep ROOT escape-html@1.0.3 OK for: express@5.2.1 want: ^1.0.3
154 silly placeDep ROOT etag@1.8.1 OK for: express@5.2.1 want: ^1.8.1
155 silly placeDep ROOT finalhandler@2.1.1 OK for: express@5.2.1 want: ^2.1.0
156 silly placeDep ROOT fresh@2.0.0 OK for: express@5.2.1 want: ^2.0.0
157 silly placeDep ROOT http-errors@2.0.1 OK for: express@5.2.1 want: ^2.0.0
158 silly placeDep ROOT merge-descriptors@2.0.0 OK for: express@5.2.1 want: ^2.0.0
159 silly placeDep ROOT mime-types@3.0.2 OK for: express@5.2.1 want: ^3.0.0
160 silly placeDep ROOT on-finished@2.4.1 OK for: express@5.2.1 want: ^2.4.1
161 silly placeDep ROOT once@1.4.0 OK for: express@5.2.1 want: ^1.4.0
162 silly placeDep ROOT parseurl@1.3.3 OK for: express@5.2.1 want: ^1.3.3
163 silly placeDep ROOT proxy-addr@2.0.7 OK for: express@5.2.1 want: ^2.0.7
164 silly placeDep ROOT qs@6.15.1 OK for: express@5.2.1 want: ^6.14.0
165 silly placeDep ROOT range-parser@1.2.1 OK for: express@5.2.1 want: ^1.2.1
166 silly placeDep ROOT router@2.2.0 OK for: express@5.2.1 want: ^2.2.0
167 silly placeDep ROOT send@1.2.1 OK for: express@5.2.1 want: ^1.1.0
168 silly placeDep ROOT serve-static@2.2.1 OK for: express@5.2.1 want: ^2.2.0
169 silly placeDep ROOT statuses@2.0.2 OK for: express@5.2.1 want: ^2.0.1
170 silly placeDep ROOT type-is@2.0.1 OK for: express@5.2.1 want: ^2.0.1
171 silly fetch manifest negotiator@^1.0.0
172 silly packumentCache full:https://registry.npmjs.org/negotiator cache-miss
173 silly fetch manifest qs@^6.14.1
174 silly packumentCache full:https://registry.npmjs.org/qs cache-hit
175 silly fetch manifest bytes@^3.1.2
176 silly packumentCache full:https://registry.npmjs.org/bytes cache-miss
177 silly fetch manifest debug@^4.4.3
178 silly packumentCache full:https://registry.npmjs.org/debug cache-hit
179 silly fetch manifest raw-body@^3.0.1
180 silly packumentCache full:https://registry.npmjs.org/raw-body cache-miss
181 http cache https://registry.npmjs.org/bytes 45ms (cache hit)
182 silly packumentCache full:https://registry.npmjs.org/bytes set size:37018 disposed:false
183 silly fetch manifest iconv-lite@^0.7.0
184 silly packumentCache full:https://registry.npmjs.org/iconv-lite cache-miss
185 http cache https://registry.npmjs.org/negotiator 75ms (cache hit)
186 silly packumentCache full:https://registry.npmjs.org/negotiator set size:48046 disposed:false
187 silly fetch manifest ms@^2.1.3
188 silly packumentCache full:https://registry.npmjs.org/ms cache-miss
189 http cache https://registry.npmjs.org/raw-body 74ms (cache hit)
190 silly packumentCache full:https://registry.npmjs.org/raw-body set size:117822 disposed:false
191 silly fetch manifest inherits@~2.0.4
192 silly packumentCache full:https://registry.npmjs.org/inherits cache-miss
193 http cache https://registry.npmjs.org/iconv-lite 268ms (cache hit)
194 silly packumentCache full:https://registry.npmjs.org/iconv-lite set size:120557 disposed:false
195 silly fetch manifest setprototypeof@~1.2.0
196 silly packumentCache full:https://registry.npmjs.org/setprototypeof cache-miss
197 http cache https://registry.npmjs.org/ms 273ms (cache hit)
198 silly packumentCache full:https://registry.npmjs.org/ms set size:92208 disposed:false
199 silly fetch manifest statuses@~2.0.2
200 silly packumentCache full:https://registry.npmjs.org/statuses cache-hit
201 silly fetch manifest toidentifier@~1.0.1
202 silly packumentCache full:https://registry.npmjs.org/toidentifier cache-miss
203 http cache https://registry.npmjs.org/inherits 286ms (cache hit)
204 silly packumentCache full:https://registry.npmjs.org/inherits set size:12925 disposed:false
205 silly fetch manifest mime-db@^1.54.0
206 silly packumentCache full:https://registry.npmjs.org/mime-db cache-miss
207 http cache https://registry.npmjs.org/setprototypeof 85ms (cache hit)
208 silly packumentCache full:https://registry.npmjs.org/setprototypeof set size:14532 disposed:false
209 silly fetch manifest ee-first@1.1.1
210 silly packumentCache full:https://registry.npmjs.org/ee-first cache-miss
211 http cache https://registry.npmjs.org/toidentifier 63ms (cache hit)
212 silly packumentCache full:https://registry.npmjs.org/toidentifier set size:12006 disposed:false
213 silly fetch manifest wrappy@1
214 silly packumentCache full:https://registry.npmjs.org/wrappy cache-miss
215 http cache https://registry.npmjs.org/mime-db 60ms (cache hit)
216 silly packumentCache full:https://registry.npmjs.org/mime-db set size:164953 disposed:false
217 silly fetch manifest forwarded@0.2.0
218 silly packumentCache full:https://registry.npmjs.org/forwarded cache-miss
219 http cache https://registry.npmjs.org/ee-first 71ms (cache hit)
220 silly packumentCache full:https://registry.npmjs.org/ee-first set size:15327 disposed:false
221 silly fetch manifest ipaddr.js@1.9.1
222 silly packumentCache full:https://registry.npmjs.org/ipaddr.js cache-miss
223 http cache https://registry.npmjs.org/wrappy 71ms (cache hit)
224 silly packumentCache full:https://registry.npmjs.org/wrappy set size:7682 disposed:false
225 silly fetch manifest side-channel@^1.1.0
226 silly packumentCache full:https://registry.npmjs.org/side-channel cache-miss
227 http cache https://registry.npmjs.org/forwarded 54ms (cache hit)
228 silly packumentCache full:https://registry.npmjs.org/forwarded set size:11229 disposed:false
229 silly fetch manifest is-promise@^4.0.0
230 silly packumentCache full:https://registry.npmjs.org/is-promise cache-miss
231 http cache https://registry.npmjs.org/side-channel 43ms (cache hit)
232 silly packumentCache full:https://registry.npmjs.org/side-channel set size:24660 disposed:false
233 silly fetch manifest path-to-regexp@^8.0.0
234 silly packumentCache full:https://registry.npmjs.org/path-to-regexp cache-miss
235 http cache https://registry.npmjs.org/ipaddr.js 77ms (cache hit)
236 silly packumentCache full:https://registry.npmjs.org/ipaddr.js set size:69563 disposed:false
237 silly fetch manifest statuses@^2.0.2
238 silly packumentCache full:https://registry.npmjs.org/statuses cache-hit
239 silly fetch manifest media-typer@^1.1.0
240 silly packumentCache full:https://registry.npmjs.org/media-typer cache-miss
241 http cache https://registry.npmjs.org/is-promise 77ms (cache hit)
242 silly packumentCache full:https://registry.npmjs.org/is-promise set size:18599 disposed:false
243 http cache https://registry.npmjs.org/path-to-regexp 67ms (cache hit)
244 silly packumentCache full:https://registry.npmjs.org/path-to-regexp set size:216334 disposed:false
245 http cache https://registry.npmjs.org/media-typer 66ms (cache hit)
246 silly packumentCache full:https://registry.npmjs.org/media-typer set size:20873 disposed:false
247 silly placeDep ROOT negotiator@1.0.0 OK for: accepts@2.0.0 want: ^1.0.0
248 silly placeDep ROOT bytes@3.1.2 OK for: body-parser@2.2.2 want: ^3.1.2
249 silly placeDep ROOT iconv-lite@0.7.2 OK for: body-parser@2.2.2 want: ^0.7.0
250 silly placeDep ROOT raw-body@3.0.2 OK for: body-parser@2.2.2 want: ^3.0.1
251 silly fetch manifest safer-buffer@>= 2.1.2 < 3.0.0
252 silly packumentCache full:https://registry.npmjs.org/safer-buffer cache-miss
253 silly fetch manifest unpipe@~1.0.0
254 silly packumentCache full:https://registry.npmjs.org/unpipe cache-miss
255 http cache https://registry.npmjs.org/unpipe 21ms (cache hit)
256 silly packumentCache full:https://registry.npmjs.org/unpipe set size:3609 disposed:false
257 http cache https://registry.npmjs.org/safer-buffer 34ms (cache hit)
258 silly packumentCache full:https://registry.npmjs.org/safer-buffer set size:18521 disposed:false
259 silly placeDep ROOT ms@2.1.3 OK for: debug@4.4.3 want: ^2.1.3
260 silly placeDep ROOT inherits@2.0.4 OK for: http-errors@2.0.1 want: ~2.0.4
261 silly placeDep ROOT setprototypeof@1.2.0 OK for: http-errors@2.0.1 want: ~1.2.0
262 silly placeDep ROOT toidentifier@1.0.1 OK for: http-errors@2.0.1 want: ~1.0.1
263 silly placeDep ROOT safer-buffer@2.1.2 OK for: iconv-lite@0.7.2 want: >= 2.1.2 < 3.0.0
264 silly placeDep ROOT mime-db@1.54.0 OK for: mime-types@3.0.2 want: ^1.54.0
265 silly placeDep ROOT ee-first@1.1.1 OK for: on-finished@2.4.1 want: 1.1.1
266 silly placeDep ROOT wrappy@1.0.2 OK for: once@1.4.0 want: 1
267 silly placeDep ROOT forwarded@0.2.0 OK for: proxy-addr@2.0.7 want: 0.2.0
268 silly placeDep ROOT ipaddr.js@1.9.1 OK for: proxy-addr@2.0.7 want: 1.9.1
269 silly placeDep ROOT side-channel@1.1.0 OK for: qs@6.15.1 want: ^1.1.0
270 silly fetch manifest es-errors@^1.3.0
271 silly packumentCache full:https://registry.npmjs.org/es-errors cache-miss
272 silly fetch manifest object-inspect@^1.13.3
273 silly packumentCache full:https://registry.npmjs.org/object-inspect cache-miss
274 silly fetch manifest side-channel-list@^1.0.0
275 silly packumentCache full:https://registry.npmjs.org/side-channel-list cache-miss
276 http cache https://registry.npmjs.org/side-channel-list 31ms (cache hit)
277 silly packumentCache full:https://registry.npmjs.org/side-channel-list set size:9021 disposed:false
278 silly fetch manifest side-channel-map@^1.0.1
279 silly packumentCache full:https://registry.npmjs.org/side-channel-map cache-miss
280 http cache https://registry.npmjs.org/object-inspect 49ms (cache hit)
281 silly packumentCache full:https://registry.npmjs.org/object-inspect set size:101912 disposed:false
282 silly fetch manifest side-channel-weakmap@^1.0.2
283 silly packumentCache full:https://registry.npmjs.org/side-channel-weakmap cache-miss
284 http cache https://registry.npmjs.org/es-errors 80ms (cache hit)
285 silly packumentCache full:https://registry.npmjs.org/es-errors set size:16918 disposed:false
286 http cache https://registry.npmjs.org/side-channel-map 70ms (cache hit)
287 silly packumentCache full:https://registry.npmjs.org/side-channel-map set size:9126 disposed:false
288 http cache https://registry.npmjs.org/side-channel-weakmap 59ms (cache hit)
289 silly packumentCache full:https://registry.npmjs.org/side-channel-weakmap set size:12620 disposed:false
290 silly placeDep ROOT unpipe@1.0.0 OK for: raw-body@3.0.2 want: ~1.0.0
291 silly placeDep ROOT is-promise@4.0.0 OK for: router@2.2.0 want: ^4.0.0
292 silly placeDep ROOT path-to-regexp@8.4.2 OK for: router@2.2.0 want: ^8.0.0
293 silly placeDep ROOT es-errors@1.3.0 OK for: side-channel@1.1.0 want: ^1.3.0
294 silly placeDep ROOT object-inspect@1.13.4 OK for: side-channel@1.1.0 want: ^1.13.3
295 silly placeDep ROOT side-channel-list@1.0.1 OK for: side-channel@1.1.0 want: ^1.0.0
296 silly placeDep ROOT side-channel-map@1.0.1 OK for: side-channel@1.1.0 want: ^1.0.1
297 silly placeDep ROOT side-channel-weakmap@1.0.2 OK for: side-channel@1.1.0 want: ^1.0.2
298 silly fetch manifest call-bound@^1.0.2
299 silly packumentCache full:https://registry.npmjs.org/call-bound cache-miss
300 silly fetch manifest get-intrinsic@^1.2.5
301 silly packumentCache full:https://registry.npmjs.org/get-intrinsic cache-miss
302 silly fetch manifest call-bound@^1.0.2
303 silly packumentCache full:https://registry.npmjs.org/call-bound cache-miss
304 http cache https://registry.npmjs.org/call-bound 47ms (cache hit)
305 silly packumentCache full:https://registry.npmjs.org/call-bound set size:15317 disposed:false
306 silly fetch manifest get-intrinsic@^1.2.5
307 silly packumentCache full:https://registry.npmjs.org/get-intrinsic cache-miss
308 http cache https://registry.npmjs.org/get-intrinsic 58ms (cache hit)
309 silly packumentCache full:https://registry.npmjs.org/get-intrinsic set size:60985 disposed:false
310 http cache https://registry.npmjs.org/call-bound 65ms (cache hit)
311 silly packumentCache full:https://registry.npmjs.org/call-bound set size:15317 disposed:false
312 silly packumentCache full:https://registry.npmjs.org/call-bound dispose
313 http cache https://registry.npmjs.org/get-intrinsic 35ms (cache hit)
314 silly packumentCache full:https://registry.npmjs.org/get-intrinsic set size:60985 disposed:false
315 silly packumentCache full:https://registry.npmjs.org/get-intrinsic dispose
316 silly placeDep ROOT call-bound@1.0.4 OK for: side-channel-map@1.0.1 want: ^1.0.2
317 silly placeDep ROOT get-intrinsic@1.3.0 OK for: side-channel-map@1.0.1 want: ^1.2.5
318 silly fetch manifest call-bind-apply-helpers@^1.0.2
319 silly packumentCache full:https://registry.npmjs.org/call-bind-apply-helpers cache-miss
320 silly fetch manifest get-intrinsic@^1.3.0
321 silly packumentCache full:https://registry.npmjs.org/get-intrinsic cache-hit
322 silly fetch manifest gopd@^1.2.0
323 silly packumentCache full:https://registry.npmjs.org/gopd cache-miss
324 silly fetch manifest hasown@^2.0.2
325 silly packumentCache full:https://registry.npmjs.org/hasown cache-miss
326 http cache https://registry.npmjs.org/gopd 38ms (cache hit)
327 silly packumentCache full:https://registry.npmjs.org/gopd set size:11458 disposed:false
328 silly fetch manifest get-proto@^1.0.1
329 silly packumentCache full:https://registry.npmjs.org/get-proto cache-miss
330 http cache https://registry.npmjs.org/call-bind-apply-helpers 58ms (cache hit)
331 silly packumentCache full:https://registry.npmjs.org/call-bind-apply-helpers set size:12744 disposed:false
332 silly fetch manifest has-symbols@^1.1.0
333 silly packumentCache full:https://registry.npmjs.org/has-symbols cache-miss
334 http cache https://registry.npmjs.org/hasown 56ms (cache hit)
335 silly packumentCache full:https://registry.npmjs.org/hasown set size:15429 disposed:false
336 silly fetch manifest function-bind@^1.1.2
337 silly packumentCache full:https://registry.npmjs.org/function-bind cache-miss
338 http cache https://registry.npmjs.org/get-proto 55ms (cache hit)
339 silly packumentCache full:https://registry.npmjs.org/get-proto set size:8300 disposed:false
340 silly fetch manifest es-object-atoms@^1.1.1
341 silly packumentCache full:https://registry.npmjs.org/es-object-atoms cache-miss
342 http cache https://registry.npmjs.org/has-symbols 55ms (cache hit)
343 silly packumentCache full:https://registry.npmjs.org/has-symbols set size:21550 disposed:false
344 silly fetch manifest math-intrinsics@^1.1.0
345 silly packumentCache full:https://registry.npmjs.org/math-intrinsics cache-miss
346 http cache https://registry.npmjs.org/function-bind 58ms (cache hit)
347 silly packumentCache full:https://registry.npmjs.org/function-bind set size:15733 disposed:false
348 silly fetch manifest es-define-property@^1.0.1
349 silly packumentCache full:https://registry.npmjs.org/es-define-property cache-miss
350 http cache https://registry.npmjs.org/math-intrinsics 39ms (cache hit)
351 silly packumentCache full:https://registry.npmjs.org/math-intrinsics set size:9265 disposed:false
352 http cache https://registry.npmjs.org/es-object-atoms 66ms (cache hit)
353 silly packumentCache full:https://registry.npmjs.org/es-object-atoms set size:15304 disposed:false
354 http cache https://registry.npmjs.org/es-define-property 45ms (cache hit)
355 silly packumentCache full:https://registry.npmjs.org/es-define-property set size:8542 disposed:false
356 silly placeDep ROOT call-bind-apply-helpers@1.0.2 OK for: call-bound@1.0.4 want: ^1.0.2
357 silly placeDep ROOT function-bind@1.1.2 OK for: call-bind-apply-helpers@1.0.2 want: ^1.1.2
358 silly placeDep ROOT es-define-property@1.0.1 OK for: get-intrinsic@1.3.0 want: ^1.0.1
359 silly placeDep ROOT es-object-atoms@1.1.1 OK for: get-intrinsic@1.3.0 want: ^1.1.1
360 silly placeDep ROOT get-proto@1.0.1 OK for: get-intrinsic@1.3.0 want: ^1.0.1
361 silly placeDep ROOT gopd@1.2.0 OK for: get-intrinsic@1.3.0 want: ^1.2.0
362 silly placeDep ROOT has-symbols@1.1.0 OK for: get-intrinsic@1.3.0 want: ^1.1.0
363 silly placeDep ROOT hasown@2.0.3 OK for: get-intrinsic@1.3.0 want: ^2.0.2
364 silly placeDep ROOT math-intrinsics@1.1.0 OK for: get-intrinsic@1.3.0 want: ^1.1.0
365 silly fetch manifest dunder-proto@^1.0.1
366 silly packumentCache full:https://registry.npmjs.org/dunder-proto cache-miss
367 http cache https://registry.npmjs.org/dunder-proto 16ms (cache hit)
368 silly packumentCache full:https://registry.npmjs.org/dunder-proto set size:8256 disposed:false
369 silly placeDep ROOT dunder-proto@1.0.1 OK for: get-proto@1.0.1 want: ^1.0.1
370 silly placeDep ROOT media-typer@1.1.0 OK for: type-is@2.0.1 want: ^1.1.0
371 silly reify moves {}
372 silly audit bulk request {
372 silly audit   cors: [ '2.8.6' ],
372 silly audit   express: [ '5.2.1' ],
372 silly audit   'object-assign': [ '4.1.1' ],
372 silly audit   vary: [ '1.1.2' ],
372 silly audit   accepts: [ '2.0.0' ],
372 silly audit   'body-parser': [ '2.2.2' ],
372 silly audit   'content-disposition': [ '1.1.0' ],
372 silly audit   'content-type': [ '1.0.5' ],
372 silly audit   cookie: [ '0.7.2' ],
372 silly audit   'cookie-signature': [ '1.2.2' ],
372 silly audit   debug: [ '4.4.3' ],
372 silly audit   depd: [ '2.0.0' ],
372 silly audit   encodeurl: [ '2.0.0' ],
372 silly audit   'escape-html': [ '1.0.3' ],
372 silly audit   etag: [ '1.8.1' ],
372 silly audit   finalhandler: [ '2.1.1' ],
372 silly audit   fresh: [ '2.0.0' ],
372 silly audit   'http-errors': [ '2.0.1' ],
372 silly audit   'merge-descriptors': [ '2.0.0' ],
372 silly audit   'mime-types': [ '3.0.2' ],
372 silly audit   'on-finished': [ '2.4.1' ],
372 silly audit   once: [ '1.4.0' ],
372 silly audit   parseurl: [ '1.3.3' ],
372 silly audit   'proxy-addr': [ '2.0.7' ],
372 silly audit   qs: [ '6.15.1' ],
372 silly audit   'range-parser': [ '1.2.1' ],
372 silly audit   router: [ '2.2.0' ],
372 silly audit   send: [ '1.2.1' ],
372 silly audit   'serve-static': [ '2.2.1' ],
372 silly audit   statuses: [ '2.0.2' ],
372 silly audit   'type-is': [ '2.0.1' ],
372 silly audit   negotiator: [ '1.0.0' ],
372 silly audit   bytes: [ '3.1.2' ],
372 silly audit   'iconv-lite': [ '0.7.2' ],
372 silly audit   'raw-body': [ '3.0.2' ],
372 silly audit   ms: [ '2.1.3' ],
372 silly audit   inherits: [ '2.0.4' ],
372 silly audit   setprototypeof: [ '1.2.0' ],
372 silly audit   toidentifier: [ '1.0.1' ],
372 silly audit   'safer-buffer': [ '2.1.2' ],
372 silly audit   'mime-db': [ '1.54.0' ],
372 silly audit   'ee-first': [ '1.1.1' ],
372 silly audit   wrappy: [ '1.0.2' ],
372 silly audit   forwarded: [ '0.2.0' ],
372 silly audit   'ipaddr.js': [ '1.9.1' ],
372 silly audit   'side-channel': [ '1.1.0' ],
372 silly audit   unpipe: [ '1.0.0' ],
372 silly audit   'is-promise': [ '4.0.0' ],
372 silly audit   'path-to-regexp': [ '8.4.2' ],
372 silly audit   'es-errors': [ '1.3.0' ],
372 silly audit   'object-inspect': [ '1.13.4' ],
372 silly audit   'side-channel-list': [ '1.0.1' ],
372 silly audit   'side-channel-map': [ '1.0.1' ],
372 silly audit   'side-channel-weakmap': [ '1.0.2' ],
372 silly audit   'call-bound': [ '1.0.4' ],
372 silly audit   'get-intrinsic': [ '1.3.0' ],
372 silly audit   'call-bind-apply-helpers': [ '1.0.2' ],
372 silly audit   'function-bind': [ '1.1.2' ],
372 silly audit   'es-define-property': [ '1.0.1' ],
372 silly audit   'es-object-atoms': [ '1.1.1' ],
372 silly audit   'get-proto': [ '1.0.1' ],
372 silly audit   gopd: [ '1.2.0' ],
372 silly audit   'has-symbols': [ '1.1.0' ],
372 silly audit   hasown: [ '2.0.3' ],
372 silly audit   'math-intrinsics': [ '1.1.0' ],
372 silly audit   'dunder-proto': [ '1.0.1' ],
372 silly audit   'media-typer': [ '1.1.0' ]
372 silly audit }
373 http cache media-typer@https://registry.npmjs.org/media-typer/-/media-typer-1.1.0.tgz 0ms (cache hit)
374 http cache dunder-proto@https://registry.npmjs.org/dunder-proto/-/dunder-proto-1.0.1.tgz 0ms (cache hit)
375 http cache hasown@https://registry.npmjs.org/hasown/-/hasown-2.0.3.tgz 0ms (cache hit)
376 http cache math-intrinsics@https://registry.npmjs.org/math-intrinsics/-/math-intrinsics-1.1.0.tgz 0ms (cache hit)
377 http cache has-symbols@https://registry.npmjs.org/has-symbols/-/has-symbols-1.1.0.tgz 0ms (cache hit)
378 http cache gopd@https://registry.npmjs.org/gopd/-/gopd-1.2.0.tgz 0ms (cache hit)
379 http cache get-proto@https://registry.npmjs.org/get-proto/-/get-proto-1.0.1.tgz 0ms (cache hit)
380 http cache es-object-atoms@https://registry.npmjs.org/es-object-atoms/-/es-object-atoms-1.1.1.tgz 0ms (cache hit)
381 http cache es-define-property@https://registry.npmjs.org/es-define-property/-/es-define-property-1.0.1.tgz 0ms (cache hit)
382 http cache function-bind@https://registry.npmjs.org/function-bind/-/function-bind-1.1.2.tgz 0ms (cache hit)
383 http cache call-bind-apply-helpers@https://registry.npmjs.org/call-bind-apply-helpers/-/call-bind-apply-helpers-1.0.2.tgz 0ms (cache hit)
384 http cache get-intrinsic@https://registry.npmjs.org/get-intrinsic/-/get-intrinsic-1.3.0.tgz 0ms (cache hit)
385 http cache call-bound@https://registry.npmjs.org/call-bound/-/call-bound-1.0.4.tgz 0ms (cache hit)
386 http cache side-channel-weakmap@https://registry.npmjs.org/side-channel-weakmap/-/side-channel-weakmap-1.0.2.tgz 0ms (cache hit)
387 http cache side-channel-map@https://registry.npmjs.org/side-channel-map/-/side-channel-map-1.0.1.tgz 0ms (cache hit)
388 http cache side-channel-list@https://registry.npmjs.org/side-channel-list/-/side-channel-list-1.0.1.tgz 0ms (cache hit)
389 http cache object-inspect@https://registry.npmjs.org/object-inspect/-/object-inspect-1.13.4.tgz 0ms (cache hit)
390 http cache es-errors@https://registry.npmjs.org/es-errors/-/es-errors-1.3.0.tgz 0ms (cache hit)
391 http cache path-to-regexp@https://registry.npmjs.org/path-to-regexp/-/path-to-regexp-8.4.2.tgz 0ms (cache hit)
392 http cache is-promise@https://registry.npmjs.org/is-promise/-/is-promise-4.0.0.tgz 0ms (cache hit)
393 http cache unpipe@https://registry.npmjs.org/unpipe/-/unpipe-1.0.0.tgz 0ms (cache hit)
394 http cache side-channel@https://registry.npmjs.org/side-channel/-/side-channel-1.1.0.tgz 0ms (cache hit)
395 http cache ipaddr.js@https://registry.npmjs.org/ipaddr.js/-/ipaddr.js-1.9.1.tgz 0ms (cache hit)
396 http cache forwarded@https://registry.npmjs.org/forwarded/-/forwarded-0.2.0.tgz 1ms (cache hit)
397 http cache ee-first@https://registry.npmjs.org/ee-first/-/ee-first-1.1.1.tgz 0ms (cache hit)
398 http cache wrappy@https://registry.npmjs.org/wrappy/-/wrappy-1.0.2.tgz 0ms (cache hit)
399 http cache mime-db@https://registry.npmjs.org/mime-db/-/mime-db-1.54.0.tgz 0ms (cache hit)
400 http cache safer-buffer@https://registry.npmjs.org/safer-buffer/-/safer-buffer-2.1.2.tgz 0ms (cache hit)
401 http cache setprototypeof@https://registry.npmjs.org/setprototypeof/-/setprototypeof-1.2.0.tgz 1ms (cache hit)
402 http cache toidentifier@https://registry.npmjs.org/toidentifier/-/toidentifier-1.0.1.tgz 1ms (cache hit)
403 http cache inherits@https://registry.npmjs.org/inherits/-/inherits-2.0.4.tgz 0ms (cache hit)
404 http cache ms@https://registry.npmjs.org/ms/-/ms-2.1.3.tgz 0ms (cache hit)
405 http cache raw-body@https://registry.npmjs.org/raw-body/-/raw-body-3.0.2.tgz 0ms (cache hit)
406 http cache iconv-lite@https://registry.npmjs.org/iconv-lite/-/iconv-lite-0.7.2.tgz 0ms (cache hit)
407 http cache bytes@https://registry.npmjs.org/bytes/-/bytes-3.1.2.tgz 0ms (cache hit)
408 http cache negotiator@https://registry.npmjs.org/negotiator/-/negotiator-1.0.0.tgz 0ms (cache hit)
409 http cache type-is@https://registry.npmjs.org/type-is/-/type-is-2.0.1.tgz 0ms (cache hit)
410 http cache statuses@https://registry.npmjs.org/statuses/-/statuses-2.0.2.tgz 0ms (cache hit)
411 http cache serve-static@https://registry.npmjs.org/serve-static/-/serve-static-2.2.1.tgz 0ms (cache hit)
412 http cache send@https://registry.npmjs.org/send/-/send-1.2.1.tgz 0ms (cache hit)
413 http cache router@https://registry.npmjs.org/router/-/router-2.2.0.tgz 0ms (cache hit)
414 http cache range-parser@https://registry.npmjs.org/range-parser/-/range-parser-1.2.1.tgz 0ms (cache hit)
415 http cache qs@https://registry.npmjs.org/qs/-/qs-6.15.1.tgz 0ms (cache hit)
416 http cache proxy-addr@https://registry.npmjs.org/proxy-addr/-/proxy-addr-2.0.7.tgz 0ms (cache hit)
417 http cache parseurl@https://registry.npmjs.org/parseurl/-/parseurl-1.3.3.tgz 1ms (cache hit)
418 http cache once@https://registry.npmjs.org/once/-/once-1.4.0.tgz 0ms (cache hit)
419 http cache on-finished@https://registry.npmjs.org/on-finished/-/on-finished-2.4.1.tgz 0ms (cache hit)
420 http cache mime-types@https://registry.npmjs.org/mime-types/-/mime-types-3.0.2.tgz 1ms (cache hit)
421 http cache merge-descriptors@https://registry.npmjs.org/merge-descriptors/-/merge-descriptors-2.0.0.tgz 0ms (cache hit)
422 http cache http-errors@https://registry.npmjs.org/http-errors/-/http-errors-2.0.1.tgz 0ms (cache hit)
423 http cache fresh@https://registry.npmjs.org/fresh/-/fresh-2.0.0.tgz 0ms (cache hit)
424 http cache finalhandler@https://registry.npmjs.org/finalhandler/-/finalhandler-2.1.1.tgz 0ms (cache hit)
425 http cache etag@https://registry.npmjs.org/etag/-/etag-1.8.1.tgz 0ms (cache hit)
426 http cache encodeurl@https://registry.npmjs.org/encodeurl/-/encodeurl-2.0.0.tgz 0ms (cache hit)
427 http cache escape-html@https://registry.npmjs.org/escape-html/-/escape-html-1.0.3.tgz 0ms (cache hit)
428 http cache depd@https://registry.npmjs.org/depd/-/depd-2.0.0.tgz 0ms (cache hit)
429 http cache debug@https://registry.npmjs.org/debug/-/debug-4.4.3.tgz 0ms (cache hit)
430 http cache cookie-signature@https://registry.npmjs.org/cookie-signature/-/cookie-signature-1.2.2.tgz 0ms (cache hit)
431 http cache cookie@https://registry.npmjs.org/cookie/-/cookie-0.7.2.tgz 0ms (cache hit)
432 http cache content-type@https://registry.npmjs.org/content-type/-/content-type-1.0.5.tgz 0ms (cache hit)
433 http cache content-disposition@https://registry.npmjs.org/content-disposition/-/content-disposition-1.1.0.tgz 0ms (cache hit)
434 http cache body-parser@https://registry.npmjs.org/body-parser/-/body-parser-2.2.2.tgz 0ms (cache hit)
435 http cache accepts@https://registry.npmjs.org/accepts/-/accepts-2.0.0.tgz 0ms (cache hit)
436 http cache vary@https://registry.npmjs.org/vary/-/vary-1.1.2.tgz 0ms (cache hit)
437 http cache object-assign@https://registry.npmjs.org/object-assign/-/object-assign-4.1.1.tgz 0ms (cache hit)
438 http cache express@https://registry.npmjs.org/express/-/express-5.2.1.tgz 0ms (cache hit)
439 http cache cors@https://registry.npmjs.org/cors/-/cors-2.8.6.tgz 1ms (cache hit)
440 silly tarball no local data for media-typer@https://registry.npmjs.org/media-typer/-/media-typer-1.1.0.tgz. Extracting by manifest.
441 silly tarball no local data for dunder-proto@https://registry.npmjs.org/dunder-proto/-/dunder-proto-1.0.1.tgz. Extracting by manifest.
442 silly tarball no local data for hasown@https://registry.npmjs.org/hasown/-/hasown-2.0.3.tgz. Extracting by manifest.
443 silly tarball no local data for math-intrinsics@https://registry.npmjs.org/math-intrinsics/-/math-intrinsics-1.1.0.tgz. Extracting by manifest.
444 silly tarball no local data for has-symbols@https://registry.npmjs.org/has-symbols/-/has-symbols-1.1.0.tgz. Extracting by manifest.
445 silly tarball no local data for gopd@https://registry.npmjs.org/gopd/-/gopd-1.2.0.tgz. Extracting by manifest.
446 silly tarball no local data for get-proto@https://registry.npmjs.org/get-proto/-/get-proto-1.0.1.tgz. Extracting by manifest.
447 silly tarball no local data for es-object-atoms@https://registry.npmjs.org/es-object-atoms/-/es-object-atoms-1.1.1.tgz. Extracting by manifest.
448 silly tarball no local data for es-define-property@https://registry.npmjs.org/es-define-property/-/es-define-property-1.0.1.tgz. Extracting by manifest.
449 silly tarball no local data for function-bind@https://registry.npmjs.org/function-bind/-/function-bind-1.1.2.tgz. Extracting by manifest.
450 silly tarball no local data for call-bind-apply-helpers@https://registry.npmjs.org/call-bind-apply-helpers/-/call-bind-apply-helpers-1.0.2.tgz. Extracting by manifest.
451 silly tarball no local data for get-intrinsic@https://registry.npmjs.org/get-intrinsic/-/get-intrinsic-1.3.0.tgz. Extracting by manifest.
452 silly tarball no local data for call-bound@https://registry.npmjs.org/call-bound/-/call-bound-1.0.4.tgz. Extracting by manifest.
453 silly tarball no local data for side-channel-weakmap@https://registry.npmjs.org/side-channel-weakmap/-/side-channel-weakmap-1.0.2.tgz. Extracting by manifest.
454 silly tarball no local data for side-channel-map@https://registry.npmjs.org/side-channel-map/-/side-channel-map-1.0.1.tgz. Extracting by manifest.
455 silly tarball no local data for side-channel-list@https://registry.npmjs.org/side-channel-list/-/side-channel-list-1.0.1.tgz. Extracting by manifest.
456 silly tarball no local data for object-inspect@https://registry.npmjs.org/object-inspect/-/object-inspect-1.13.4.tgz. Extracting by manifest.
457 silly tarball no local data for es-errors@https://registry.npmjs.org/es-errors/-/es-errors-1.3.0.tgz. Extracting by manifest.
458 silly tarball no local data for path-to-regexp@https://registry.npmjs.org/path-to-regexp/-/path-to-regexp-8.4.2.tgz. Extracting by manifest.
459 silly tarball no local data for is-promise@https://registry.npmjs.org/is-promise/-/is-promise-4.0.0.tgz. Extracting by manifest.
460 silly tarball no local data for unpipe@https://registry.npmjs.org/unpipe/-/unpipe-1.0.0.tgz. Extracting by manifest.
461 silly tarball no local data for side-channel@https://registry.npmjs.org/side-channel/-/side-channel-1.1.0.tgz. Extracting by manifest.
462 silly tarball no local data for ipaddr.js@https://registry.npmjs.org/ipaddr.js/-/ipaddr.js-1.9.1.tgz. Extracting by manifest.
463 silly tarball no local data for forwarded@https://registry.npmjs.org/forwarded/-/forwarded-0.2.0.tgz. Extracting by manifest.
464 silly tarball no local data for ee-first@https://registry.npmjs.org/ee-first/-/ee-first-1.1.1.tgz. Extracting by manifest.
465 silly tarball no local data for wrappy@https://registry.npmjs.org/wrappy/-/wrappy-1.0.2.tgz. Extracting by manifest.
466 silly tarball no local data for mime-db@https://registry.npmjs.org/mime-db/-/mime-db-1.54.0.tgz. Extracting by manifest.
467 silly tarball no local data for safer-buffer@https://registry.npmjs.org/safer-buffer/-/safer-buffer-2.1.2.tgz. Extracting by manifest.
468 silly tarball no local data for setprototypeof@https://registry.npmjs.org/setprototypeof/-/setprototypeof-1.2.0.tgz. Extracting by manifest.
469 silly tarball no local data for toidentifier@https://registry.npmjs.org/toidentifier/-/toidentifier-1.0.1.tgz. Extracting by manifest.
470 silly tarball no local data for inherits@https://registry.npmjs.org/inherits/-/inherits-2.0.4.tgz. Extracting by manifest.
471 silly tarball no local data for ms@https://registry.npmjs.org/ms/-/ms-2.1.3.tgz. Extracting by manifest.
472 silly tarball no local data for raw-body@https://registry.npmjs.org/raw-body/-/raw-body-3.0.2.tgz. Extracting by manifest.
473 silly tarball no local data for iconv-lite@https://registry.npmjs.org/iconv-lite/-/iconv-lite-0.7.2.tgz. Extracting by manifest.
474 silly tarball no local data for bytes@https://registry.npmjs.org/bytes/-/bytes-3.1.2.tgz. Extracting by manifest.
475 silly tarball no local data for negotiator@https://registry.npmjs.org/negotiator/-/negotiator-1.0.0.tgz. Extracting by manifest.
476 silly tarball no local data for type-is@https://registry.npmjs.org/type-is/-/type-is-2.0.1.tgz. Extracting by manifest.
477 silly tarball no local data for statuses@https://registry.npmjs.org/statuses/-/statuses-2.0.2.tgz. Extracting by manifest.
478 silly tarball no local data for serve-static@https://registry.npmjs.org/serve-static/-/serve-static-2.2.1.tgz. Extracting by manifest.
479 silly tarball no local data for send@https://registry.npmjs.org/send/-/send-1.2.1.tgz. Extracting by manifest.
480 silly tarball no local data for router@https://registry.npmjs.org/router/-/router-2.2.0.tgz. Extracting by manifest.
481 silly tarball no local data for range-parser@https://registry.npmjs.org/range-parser/-/range-parser-1.2.1.tgz. Extracting by manifest.
482 silly tarball no local data for qs@https://registry.npmjs.org/qs/-/qs-6.15.1.tgz. Extracting by manifest.
483 silly tarball no local data for proxy-addr@https://registry.npmjs.org/proxy-addr/-/proxy-addr-2.0.7.tgz. Extracting by manifest.
484 silly tarball no local data for parseurl@https://registry.npmjs.org/parseurl/-/parseurl-1.3.3.tgz. Extracting by manifest.
485 silly tarball no local data for once@https://registry.npmjs.org/once/-/once-1.4.0.tgz. Extracting by manifest.
486 silly tarball no local data for on-finished@https://registry.npmjs.org/on-finished/-/on-finished-2.4.1.tgz. Extracting by manifest.
487 silly tarball no local data for mime-types@https://registry.npmjs.org/mime-types/-/mime-types-3.0.2.tgz. Extracting by manifest.
488 silly tarball no local data for merge-descriptors@https://registry.npmjs.org/merge-descriptors/-/merge-descriptors-2.0.0.tgz. Extracting by manifest.
489 silly tarball no local data for http-errors@https://registry.npmjs.org/http-errors/-/http-errors-2.0.1.tgz. Extracting by manifest.
490 silly tarball no local data for fresh@https://registry.npmjs.org/fresh/-/fresh-2.0.0.tgz. Extracting by manifest.
491 silly tarball no local data for finalhandler@https://registry.npmjs.org/finalhandler/-/finalhandler-2.1.1.tgz. Extracting by manifest.
492 silly tarball no local data for etag@https://registry.npmjs.org/etag/-/etag-1.8.1.tgz. Extracting by manifest.
493 silly tarball no local data for encodeurl@https://registry.npmjs.org/encodeurl/-/encodeurl-2.0.0.tgz. Extracting by manifest.
494 silly tarball no local data for escape-html@https://registry.npmjs.org/escape-html/-/escape-html-1.0.3.tgz. Extracting by manifest.
495 silly tarball no local data for depd@https://registry.npmjs.org/depd/-/depd-2.0.0.tgz. Extracting by manifest.
496 silly tarball no local data for debug@https://registry.npmjs.org/debug/-/debug-4.4.3.tgz. Extracting by manifest.
497 silly tarball no local data for cookie-signature@https://registry.npmjs.org/cookie-signature/-/cookie-signature-1.2.2.tgz. Extracting by manifest.
498 silly tarball no local data for cookie@https://registry.npmjs.org/cookie/-/cookie-0.7.2.tgz. Extracting by manifest.
499 silly tarball no local data for content-type@https://registry.npmjs.org/content-type/-/content-type-1.0.5.tgz. Extracting by manifest.
500 silly tarball no local data for content-disposition@https://registry.npmjs.org/content-disposition/-/content-disposition-1.1.0.tgz. Extracting by manifest.
501 silly tarball no local data for body-parser@https://registry.npmjs.org/body-parser/-/body-parser-2.2.2.tgz. Extracting by manifest.
502 silly tarball no local data for accepts@https://registry.npmjs.org/accepts/-/accepts-2.0.0.tgz. Extracting by manifest.
503 silly tarball no local data for vary@https://registry.npmjs.org/vary/-/vary-1.1.2.tgz. Extracting by manifest.
504 silly tarball no local data for object-assign@https://registry.npmjs.org/object-assign/-/object-assign-4.1.1.tgz. Extracting by manifest.
505 silly tarball no local data for express@https://registry.npmjs.org/express/-/express-5.2.1.tgz. Extracting by manifest.
506 silly tarball no local data for cors@https://registry.npmjs.org/cors/-/cors-2.8.6.tgz. Extracting by manifest.
507 http fetch POST 200 https://registry.npmjs.org/-/npm/v1/security/advisories/bulk 2668ms
508 silly audit report {}
509 http fetch GET 200 https://registry.npmjs.org/hasown/-/hasown-2.0.3.tgz 3867ms (cache miss)
510 http fetch GET 200 https://registry.npmjs.org/wrappy/-/wrappy-1.0.2.tgz 3827ms (cache miss)
511 http fetch GET 200 https://registry.npmjs.org/get-proto/-/get-proto-1.0.1.tgz 3983ms (cache miss)
512 http fetch GET 200 https://registry.npmjs.org/forwarded/-/forwarded-0.2.0.tgz 3898ms (cache miss)
513 http fetch GET 200 https://registry.npmjs.org/is-promise/-/is-promise-4.0.0.tgz 3935ms (cache miss)
514 http fetch GET 200 https://registry.npmjs.org/unpipe/-/unpipe-1.0.0.tgz 3974ms (cache miss)
515 http fetch GET 200 https://registry.npmjs.org/setprototypeof/-/setprototypeof-1.2.0.tgz 3945ms (cache miss)
516 http fetch GET 200 https://registry.npmjs.org/es-define-property/-/es-define-property-1.0.1.tgz 4096ms (cache miss)
517 http fetch GET 200 https://registry.npmjs.org/gopd/-/gopd-1.2.0.tgz 4120ms (cache miss)
518 http fetch GET 200 https://registry.npmjs.org/media-typer/-/media-typer-1.1.0.tgz 4161ms (cache miss)
519 http fetch GET 200 https://registry.npmjs.org/inherits/-/inherits-2.0.4.tgz 3988ms (cache miss)
520 http fetch GET 200 https://registry.npmjs.org/toidentifier/-/toidentifier-1.0.1.tgz 4001ms (cache miss)
521 http fetch GET 200 https://registry.npmjs.org/ee-first/-/ee-first-1.1.1.tgz 4051ms (cache miss)
522 http fetch GET 200 https://registry.npmjs.org/es-object-atoms/-/es-object-atoms-1.1.1.tgz 4160ms (cache miss)
523 http fetch GET 200 https://registry.npmjs.org/ms/-/ms-2.1.3.tgz 4037ms (cache miss)
524 http fetch GET 200 https://registry.npmjs.org/side-channel-weakmap/-/side-channel-weakmap-1.0.2.tgz 4146ms (cache miss)
525 http fetch GET 200 https://registry.npmjs.org/raw-body/-/raw-body-3.0.2.tgz 4069ms (cache miss)
526 http fetch GET 200 https://registry.npmjs.org/bytes/-/bytes-3.1.2.tgz 4063ms (cache miss)
527 http fetch GET 200 https://registry.npmjs.org/side-channel-map/-/side-channel-map-1.0.1.tgz 4206ms (cache miss)
528 http fetch GET 200 https://registry.npmjs.org/merge-descriptors/-/merge-descriptors-2.0.0.tgz 4023ms (cache miss)
529 http fetch GET 200 https://registry.npmjs.org/cookie-signature/-/cookie-signature-1.2.2.tgz 3965ms (cache miss)
530 http fetch GET 200 https://registry.npmjs.org/finalhandler/-/finalhandler-2.1.1.tgz 4032ms (cache miss)
531 http fetch GET 200 https://registry.npmjs.org/escape-html/-/escape-html-1.0.3.tgz 4016ms (cache miss)
532 http fetch GET 200 https://registry.npmjs.org/side-channel-list/-/side-channel-list-1.0.1.tgz 4272ms (cache miss)
533 http fetch GET 200 https://registry.npmjs.org/statuses/-/statuses-2.0.2.tgz 4161ms (cache miss)
534 http fetch GET 200 https://registry.npmjs.org/range-parser/-/range-parser-1.2.1.tgz 4141ms (cache miss)
535 http fetch GET 200 https://registry.npmjs.org/parseurl/-/parseurl-1.3.3.tgz 4125ms (cache miss)
536 http fetch GET 200 https://registry.npmjs.org/once/-/once-1.4.0.tgz 4122ms (cache miss)
537 http fetch GET 200 https://registry.npmjs.org/encodeurl/-/encodeurl-2.0.0.tgz 4075ms (cache miss)
538 http fetch GET 200 https://registry.npmjs.org/content-type/-/content-type-1.0.5.tgz 4041ms (cache miss)
539 http fetch GET 200 https://registry.npmjs.org/call-bind-apply-helpers/-/call-bind-apply-helpers-1.0.2.tgz 4357ms (cache miss)
540 http fetch GET 200 https://registry.npmjs.org/type-is/-/type-is-2.0.1.tgz 4218ms (cache miss)
541 http fetch GET 200 https://registry.npmjs.org/serve-static/-/serve-static-2.2.1.tgz 4209ms (cache miss)
542 http fetch GET 200 https://registry.npmjs.org/on-finished/-/on-finished-2.4.1.tgz 4163ms (cache miss)
543 http fetch GET 200 https://registry.npmjs.org/fresh/-/fresh-2.0.0.tgz 4143ms (cache miss)
544 http fetch GET 200 https://registry.npmjs.org/accepts/-/accepts-2.0.0.tgz 4064ms (cache miss)
545 http fetch GET 200 https://registry.npmjs.org/object-assign/-/object-assign-4.1.1.tgz 4056ms (cache miss)
546 http fetch GET 200 https://registry.npmjs.org/side-channel/-/side-channel-1.1.0.tgz 4353ms (cache miss)
547 http fetch GET 200 https://registry.npmjs.org/http-errors/-/http-errors-2.0.1.tgz 4190ms (cache miss)
548 http fetch GET 200 https://registry.npmjs.org/ipaddr.js/-/ipaddr.js-1.9.1.tgz 4368ms (cache miss)
549 http fetch GET 200 https://registry.npmjs.org/send/-/send-1.2.1.tgz 4277ms (cache miss)
550 http fetch GET 200 https://registry.npmjs.org/proxy-addr/-/proxy-addr-2.0.7.tgz 4255ms (cache miss)
551 http fetch GET 200 https://registry.npmjs.org/etag/-/etag-1.8.1.tgz 4198ms (cache miss)
552 http fetch GET 200 https://registry.npmjs.org/cors/-/cors-2.8.6.tgz 4107ms (cache miss)
553 http fetch GET 200 https://registry.npmjs.org/call-bound/-/call-bound-1.0.4.tgz 4465ms (cache miss)
554 http fetch GET 200 https://registry.npmjs.org/mime-types/-/mime-types-3.0.2.tgz 4258ms (cache miss)
555 http fetch GET 200 https://registry.npmjs.org/content-disposition/-/content-disposition-1.1.0.tgz 4174ms (cache miss)
556 http fetch GET 200 https://registry.npmjs.org/vary/-/vary-1.1.2.tgz 4163ms (cache miss)
557 http fetch GET 200 https://registry.npmjs.org/es-errors/-/es-errors-1.3.0.tgz 4472ms (cache miss)
558 http fetch GET 200 https://registry.npmjs.org/safer-buffer/-/safer-buffer-2.1.2.tgz 4428ms (cache miss)
559 http fetch GET 200 https://registry.npmjs.org/depd/-/depd-2.0.0.tgz 4252ms (cache miss)
560 http fetch GET 200 https://registry.npmjs.org/cookie/-/cookie-0.7.2.tgz 4235ms (cache miss)
561 http fetch GET 200 https://registry.npmjs.org/function-bind/-/function-bind-1.1.2.tgz 4553ms (cache miss)
562 http fetch GET 200 https://registry.npmjs.org/dunder-proto/-/dunder-proto-1.0.1.tgz 4621ms (cache miss)
563 http fetch GET 200 https://registry.npmjs.org/get-intrinsic/-/get-intrinsic-1.3.0.tgz 4588ms (cache miss)
564 http fetch GET 200 https://registry.npmjs.org/path-to-regexp/-/path-to-regexp-8.4.2.tgz 4553ms (cache miss)
565 http fetch GET 200 https://registry.npmjs.org/negotiator/-/negotiator-1.0.0.tgz 4479ms (cache miss)
566 http fetch GET 200 https://registry.npmjs.org/mime-db/-/mime-db-1.54.0.tgz 4546ms (cache miss)
567 http fetch GET 200 https://registry.npmjs.org/has-symbols/-/has-symbols-1.1.0.tgz 4692ms (cache miss)
568 http fetch GET 200 https://registry.npmjs.org/router/-/router-2.2.0.tgz 4506ms (cache miss)
569 http fetch GET 200 https://registry.npmjs.org/debug/-/debug-4.4.3.tgz 4416ms (cache miss)
570 http fetch GET 200 https://registry.npmjs.org/math-intrinsics/-/math-intrinsics-1.1.0.tgz 4788ms (cache miss)
571 http fetch GET 200 https://registry.npmjs.org/express/-/express-5.2.1.tgz 4407ms (cache miss)
572 http fetch GET 200 https://registry.npmjs.org/body-parser/-/body-parser-2.2.2.tgz 4452ms (cache miss)
573 http fetch GET 200 https://registry.npmjs.org/qs/-/qs-6.15.1.tgz 4701ms (cache miss)
574 http fetch GET 200 https://registry.npmjs.org/object-inspect/-/object-inspect-1.13.4.tgz 4901ms (cache miss)
575 http fetch GET 200 https://registry.npmjs.org/iconv-lite/-/iconv-lite-0.7.2.tgz 4861ms (cache miss)
576 silly ADD node_modules/media-typer
577 silly ADD node_modules/dunder-proto
578 silly ADD node_modules/math-intrinsics
579 silly ADD node_modules/hasown
580 silly ADD node_modules/has-symbols
581 silly ADD node_modules/gopd
582 silly ADD node_modules/get-proto
583 silly ADD node_modules/es-object-atoms
584 silly ADD node_modules/es-define-property
585 silly ADD node_modules/function-bind
586 silly ADD node_modules/call-bind-apply-helpers
587 silly ADD node_modules/get-intrinsic
588 silly ADD node_modules/call-bound
589 silly ADD node_modules/side-channel-weakmap
590 silly ADD node_modules/side-channel-map
591 silly ADD node_modules/side-channel-list
592 silly ADD node_modules/object-inspect
593 silly ADD node_modules/es-errors
594 silly ADD node_modules/path-to-regexp
595 silly ADD node_modules/is-promise
596 silly ADD node_modules/unpipe
597 silly ADD node_modules/side-channel
598 silly ADD node_modules/ipaddr.js
599 silly ADD node_modules/forwarded
600 silly ADD node_modules/wrappy
601 silly ADD node_modules/ee-first
602 silly ADD node_modules/mime-db
603 silly ADD node_modules/safer-buffer
604 silly ADD node_modules/toidentifier
605 silly ADD node_modules/setprototypeof
606 silly ADD node_modules/inherits
607 silly ADD node_modules/ms
608 silly ADD node_modules/raw-body
609 silly ADD node_modules/iconv-lite
610 silly ADD node_modules/bytes
611 silly ADD node_modules/negotiator
612 silly ADD node_modules/type-is
613 silly ADD node_modules/statuses
614 silly ADD node_modules/serve-static
615 silly ADD node_modules/send
616 silly ADD node_modules/router
617 silly ADD node_modules/range-parser
618 silly ADD node_modules/qs
619 silly ADD node_modules/proxy-addr
620 silly ADD node_modules/parseurl
621 silly ADD node_modules/once
622 silly ADD node_modules/on-finished
623 silly ADD node_modules/mime-types
624 silly ADD node_modules/merge-descriptors
625 silly ADD node_modules/http-errors
626 silly ADD node_modules/fresh
627 silly ADD node_modules/finalhandler
628 silly ADD node_modules/etag
629 silly ADD node_modules/escape-html
630 silly ADD node_modules/encodeurl
631 silly ADD node_modules/depd
632 silly ADD node_modules/debug
633 silly ADD node_modules/cookie-signature
634 silly ADD node_modules/cookie
635 silly ADD node_modules/content-type
636 silly ADD node_modules/content-disposition
637 silly ADD node_modules/body-parser
638 silly ADD node_modules/accepts
639 silly ADD node_modules/vary
640 silly ADD node_modules/object-assign
641 silly ADD node_modules/express
642 silly ADD node_modules/cors
643 verbose cwd /data/data/com.termux/files/home/casino-api
644 verbose os Linux 4.14.133+
645 verbose node v25.8.2
646 verbose npm  v11.13.0
647 verbose exit 0
648 info ok
